Current working folder is :/home/totte/rr/runs
Setting temp file folder to /home/totte/rr/runs
Loading SBML into simulator
Processing compartment with ID: compartment
Processing parameter with ID:k1
Processing species with ID: S1
Processing species with ID: S2
Key = S1
ID = S1
Type = 1
Value = 0.00015
Has Initial Assignment = 0
Has Rule = false

Key = S2
ID = S2
Type = 1
Value = 0
Has Initial Assignment = 0
Has Rule = false

Key = compartment
ID = compartment
Type = 0
Value = 1
Has Initial Assignment = 0
Has Rule = false

Key = k1
ID = k1
Type = 2
Value = 1
Has Initial Assignment = 0
Has Rule = false

Processing model: case00001
Number of reactions:1
Loading sbml into StructAnalysis
Message from StructAnalysis.LoadSBML function
-----------------------------------------------------------------------------
-----------------------------------------------------------------------------
STRUCTURAL ANALYSIS MODULE : Results 
-----------------------------------------------------------------------------
-----------------------------------------------------------------------------
Size of Stochiometric Matrix: 2 x 1 (Rank is  1)
Nonzero entries in Stochiometric Matrix: 2  (100% full)

Independent Species (1) :
S1

Dependent Species (1) :
S2

L0 : There is 1 dependency. L0 is a 1x1 matrix.

Conserved Entities
1:  + S1 + S2
-----------------------------------------------------------------------------
-----------------------------------------------------------------------------
Developed by the Computational Systems Biology Group at Keck Graduate Institute 
and the Saurolab at the Bioengineering Departmant at  University of Washington.
Contact : Frank T. Bergmann (fbergman@u.washington.edu) or Herbert M. Sauro.   

          (previous authors) Ravishankar Rao Vallabhajosyula                   
-----------------------------------------------------------------------------
-----------------------------------------------------------------------------


Returning List: {"S1 0.00015 false","S2 0 false"}
Got List: {"S1 0.00015 false","S2 0 false"}
Wrote header to file: /home/totte/rr/runs/test_1.h
Wrote source code to file: /home/totte/rr/runs/test_1.c
Compiling model..

Executing compile command: tcc -g -shared -rdynamic /home/totte/rr/runs/test_1.c /usr/local/rr_support/rrSupport.c -o/home/totte/rr/runs/libtest_1.so -I.  -Iinclude  -I/usr/local/rr_support  -L.  -Llib 
Compile system call returned: 0
Model compiled successfully. 
/home/totte/rr/runs/libtest_1.so was created
Trying to load shared lib: /home/totte/rr/runs/libtest_1
Set tolerance to: 1e-12
Set tolerance to: 1e-12
Set tolerance to: 1e-12
Set tolerance to: 1e-12
Set tolerance to: 1e-12
Set tolerance to: 1e-12
The following is selected:
A Selection Record --
Index: 0
p1: 
p2: 
SelectionType: 0

A Selection Record --
Index: 0
p1: 
p2: 
SelectionType: 2

A Selection Record --
Index: 1
p1: 
p2: 
SelectionType: 2

Added result row	0 : 	0	0.00015	0
Set tolerance to: 1e-12
Will run the OneStep function 50 times
Step 1
---------------------------------------------------
--- O N E     S T E P      ( 0 ) 
---------------------------------------------------
tout: 0.102041	timeEnd: 0.102041
Added result row	1 : 	0.102041	0.00015	0
Step 2
---------------------------------------------------
--- O N E     S T E P      ( 1 ) 
---------------------------------------------------
tout: 0.204082	timeEnd: 0.204082
Added result row	2 : 	0.204082	0.00015	0
Step 3
---------------------------------------------------
--- O N E     S T E P      ( 2 ) 
---------------------------------------------------
tout: 0.306122	timeEnd: 0.306122
Added result row	3 : 	0.306122	0.00015	0
Step 4
---------------------------------------------------
--- O N E     S T E P      ( 3 ) 
---------------------------------------------------
tout: 0.408163	timeEnd: 0.408163
Added result row	4 : 	0.408163	0.00015	0
Step 5
---------------------------------------------------
--- O N E     S T E P      ( 4 ) 
---------------------------------------------------
tout: 0.510204	timeEnd: 0.510204
Added result row	5 : 	0.510204	0.00015	0
Step 6
---------------------------------------------------
--- O N E     S T E P      ( 5 ) 
---------------------------------------------------
tout: 0.612245	timeEnd: 0.612245
Added result row	6 : 	0.612245	0.00015	0
Step 7
---------------------------------------------------
--- O N E     S T E P      ( 6 ) 
---------------------------------------------------
tout: 0.714286	timeEnd: 0.714286
Added result row	7 : 	0.714286	0.00015	0
Step 8
---------------------------------------------------
--- O N E     S T E P      ( 7 ) 
---------------------------------------------------
tout: 0.816327	timeEnd: 0.816327
Added result row	8 : 	0.816327	0.00015	0
Step 9
---------------------------------------------------
--- O N E     S T E P      ( 8 ) 
---------------------------------------------------
tout: 0.918367	timeEnd: 0.918367
Added result row	9 : 	0.918367	0.00015	0
Step 10
---------------------------------------------------
--- O N E     S T E P      ( 9 ) 
---------------------------------------------------
tout: 1.02041	timeEnd: 1.02041
Added result row	10 : 	1.02041	0.00015	0
Step 11
---------------------------------------------------
--- O N E     S T E P      ( 10 ) 
---------------------------------------------------
tout: 1.12245	timeEnd: 1.12245
Added result row	11 : 	1.12245	0.00015	0
Step 12
---------------------------------------------------
--- O N E     S T E P      ( 11 ) 
---------------------------------------------------
tout: 1.22449	timeEnd: 1.22449
Added result row	12 : 	1.22449	0.00015	0
Step 13
---------------------------------------------------
--- O N E     S T E P      ( 12 ) 
---------------------------------------------------
tout: 1.32653	timeEnd: 1.32653
Added result row	13 : 	1.32653	0.00015	0
Step 14
---------------------------------------------------
--- O N E     S T E P      ( 13 ) 
---------------------------------------------------
tout: 1.42857	timeEnd: 1.42857
Added result row	14 : 	1.42857	0.00015	0
Step 15
---------------------------------------------------
--- O N E     S T E P      ( 14 ) 
---------------------------------------------------
tout: 1.53061	timeEnd: 1.53061
Added result row	15 : 	1.53061	0.00015	0
Step 16
---------------------------------------------------
--- O N E     S T E P      ( 15 ) 
---------------------------------------------------
tout: 1.63265	timeEnd: 1.63265
Added result row	16 : 	1.63265	0.00015	0
Step 17
---------------------------------------------------
--- O N E     S T E P      ( 16 ) 
---------------------------------------------------
tout: 1.73469	timeEnd: 1.73469
Added result row	17 : 	1.73469	0.00015	0
Step 18
---------------------------------------------------
--- O N E     S T E P      ( 17 ) 
---------------------------------------------------
tout: 1.83673	timeEnd: 1.83673
Added result row	18 : 	1.83673	0.00015	0
Step 19
---------------------------------------------------
--- O N E     S T E P      ( 18 ) 
---------------------------------------------------
tout: 1.93878	timeEnd: 1.93878
Added result row	19 : 	1.93878	0.00015	0
Step 20
---------------------------------------------------
--- O N E     S T E P      ( 19 ) 
---------------------------------------------------
tout: 2.04082	timeEnd: 2.04082
Added result row	20 : 	2.04082	0.00015	0
Step 21
---------------------------------------------------
--- O N E     S T E P      ( 20 ) 
---------------------------------------------------
tout: 2.14286	timeEnd: 2.14286
Added result row	21 : 	2.14286	0.00015	0
Step 22
---------------------------------------------------
--- O N E     S T E P      ( 21 ) 
---------------------------------------------------
tout: 2.2449	timeEnd: 2.2449
Added result row	22 : 	2.2449	0.00015	0
Step 23
---------------------------------------------------
--- O N E     S T E P      ( 22 ) 
---------------------------------------------------
tout: 2.34694	timeEnd: 2.34694
Added result row	23 : 	2.34694	0.00015	0
Step 24
---------------------------------------------------
--- O N E     S T E P      ( 23 ) 
---------------------------------------------------
tout: 2.44898	timeEnd: 2.44898
Added result row	24 : 	2.44898	0.00015	0
Step 25
---------------------------------------------------
--- O N E     S T E P      ( 24 ) 
---------------------------------------------------
tout: 2.55102	timeEnd: 2.55102
Added result row	25 : 	2.55102	0.00015	0
Step 26
---------------------------------------------------
--- O N E     S T E P      ( 25 ) 
---------------------------------------------------
tout: 2.65306	timeEnd: 2.65306
Added result row	26 : 	2.65306	0.00015	0
Step 27
---------------------------------------------------
--- O N E     S T E P      ( 26 ) 
---------------------------------------------------
tout: 2.7551	timeEnd: 2.7551
Added result row	27 : 	2.7551	0.00015	0
Step 28
---------------------------------------------------
--- O N E     S T E P      ( 27 ) 
---------------------------------------------------
tout: 2.85714	timeEnd: 2.85714
Added result row	28 : 	2.85714	0.00015	0
Step 29
---------------------------------------------------
--- O N E     S T E P      ( 28 ) 
---------------------------------------------------
tout: 2.95918	timeEnd: 2.95918
Added result row	29 : 	2.95918	0.00015	0
Step 30
---------------------------------------------------
--- O N E     S T E P      ( 29 ) 
---------------------------------------------------
tout: 3.06122	timeEnd: 3.06122
Added result row	30 : 	3.06122	0.00015	0
Step 31
---------------------------------------------------
--- O N E     S T E P      ( 30 ) 
---------------------------------------------------
tout: 3.16327	timeEnd: 3.16327
Added result row	31 : 	3.16327	0.00015	0
Step 32
---------------------------------------------------
--- O N E     S T E P      ( 31 ) 
---------------------------------------------------
tout: 3.26531	timeEnd: 3.26531
Added result row	32 : 	3.26531	0.00015	0
Step 33
---------------------------------------------------
--- O N E     S T E P      ( 32 ) 
---------------------------------------------------
tout: 3.36735	timeEnd: 3.36735
Added result row	33 : 	3.36735	0.00015	0
Step 34
---------------------------------------------------
--- O N E     S T E P      ( 33 ) 
---------------------------------------------------
tout: 3.46939	timeEnd: 3.46939
Added result row	34 : 	3.46939	0.00015	0
Step 35
---------------------------------------------------
--- O N E     S T E P      ( 34 ) 
---------------------------------------------------
tout: 3.57143	timeEnd: 3.57143
Added result row	35 : 	3.57143	0.00015	0
Step 36
---------------------------------------------------
--- O N E     S T E P      ( 35 ) 
---------------------------------------------------
tout: 3.67347	timeEnd: 3.67347
Added result row	36 : 	3.67347	0.00015	0
Step 37
---------------------------------------------------
--- O N E     S T E P      ( 36 ) 
---------------------------------------------------
tout: 3.77551	timeEnd: 3.77551
Added result row	37 : 	3.77551	0.00015	0
Step 38
---------------------------------------------------
--- O N E     S T E P      ( 37 ) 
---------------------------------------------------
tout: 3.87755	timeEnd: 3.87755
Added result row	38 : 	3.87755	0.00015	0
Step 39
---------------------------------------------------
--- O N E     S T E P      ( 38 ) 
---------------------------------------------------
tout: 3.97959	timeEnd: 3.97959
Added result row	39 : 	3.97959	0.00015	0
Step 40
---------------------------------------------------
--- O N E     S T E P      ( 39 ) 
---------------------------------------------------
tout: 4.08163	timeEnd: 4.08163
Added result row	40 : 	4.08163	0.00015	0
Step 41
---------------------------------------------------
--- O N E     S T E P      ( 40 ) 
---------------------------------------------------
tout: 4.18367	timeEnd: 4.18367
Added result row	41 : 	4.18367	0.00015	0
Step 42
---------------------------------------------------
--- O N E     S T E P      ( 41 ) 
---------------------------------------------------
tout: 4.28571	timeEnd: 4.28571
Added result row	42 : 	4.28571	0.00015	0
Step 43
---------------------------------------------------
--- O N E     S T E P      ( 42 ) 
---------------------------------------------------
tout: 4.38776	timeEnd: 4.38776
Added result row	43 : 	4.38776	0.00015	0
Step 44
---------------------------------------------------
--- O N E     S T E P      ( 43 ) 
---------------------------------------------------
tout: 4.4898	timeEnd: 4.4898
Added result row	44 : 	4.4898	0.00015	0
Step 45
---------------------------------------------------
--- O N E     S T E P      ( 44 ) 
---------------------------------------------------
tout: 4.59184	timeEnd: 4.59184
Added result row	45 : 	4.59184	0.00015	0
Step 46
---------------------------------------------------
--- O N E     S T E P      ( 45 ) 
---------------------------------------------------
tout: 4.69388	timeEnd: 4.69388
Added result row	46 : 	4.69388	0.00015	0
Step 47
---------------------------------------------------
--- O N E     S T E P      ( 46 ) 
---------------------------------------------------
tout: 4.79592	timeEnd: 4.79592
Added result row	47 : 	4.79592	0.00015	0
Step 48
---------------------------------------------------
--- O N E     S T E P      ( 47 ) 
---------------------------------------------------
tout: 4.89796	timeEnd: 4.89796
Added result row	48 : 	4.89796	0.00015	0
Step 49
---------------------------------------------------
--- O N E     S T E P      ( 48 ) 
---------------------------------------------------
tout: 5	timeEnd: 5
Added result row	49 : 	5	0.00015	0
Simulation done..
Result: (point, time, value)
0	0	0.00015
1	0.102041	0.00015
2	0.204082	0.00015
3	0.306122	0.00015
4	0.408163	0.00015
5	0.510204	0.00015
6	0.612245	0.00015
7	0.714286	0.00015
8	0.816327	0.00015
9	0.918367	0.00015
10	1.02041	0.00015
11	1.12245	0.00015
12	1.22449	0.00015
13	1.32653	0.00015
14	1.42857	0.00015
15	1.53061	0.00015
16	1.63265	0.00015
17	1.73469	0.00015
18	1.83673	0.00015
19	1.93878	0.00015
20	2.04082	0.00015
21	2.14286	0.00015
22	2.2449	0.00015
23	2.34694	0.00015
24	2.44898	0.00015
25	2.55102	0.00015
26	2.65306	0.00015
27	2.7551	0.00015
28	2.85714	0.00015
29	2.95918	0.00015
30	3.06122	0.00015
31	3.16327	0.00015
32	3.26531	0.00015
33	3.36735	0.00015
34	3.46939	0.00015
35	3.57143	0.00015
36	3.67347	0.00015
37	3.77551	0.00015
38	3.87755	0.00015
39	3.97959	0.00015
40	4.08163	0.00015
41	4.18367	0.00015
42	4.28571	0.00015
43	4.38776	0.00015
44	4.4898	0.00015
45	4.59184	0.00015
46	4.69388	0.00015
47	4.79592	0.00015
48	4.89796	0.00015
49	5	0.00015
Simulation Data Columns: time S1 S2
